<?xml version="1.0" encoding="UTF-8"?>
<!-- Generated by org.testng.reporters.JUnitReportReporter -->
<testsuite name="com.ebay.SeleniumFramework.Login.TC001_VerifyLogin" tests="2" time="2.981" ignored="0" failures="0" timestamp="10 Dec 2019 22:41:38 GMT" skipped="0" hostname="MSI" errors="0">
  <testcase name="testLogger" time="0.004" classname="com.ebay.SeleniumFramework.Login.TC001_VerifyLogin"/>
  <testcase name="validLogin" time="2.977" classname="com.ebay.SeleniumFramework.Login.TC001_VerifyLogin"/>
</testsuite> <!-- com.ebay.SeleniumFramework.Login.TC001_VerifyLogin -->
